mode: set
github.com/OtusTeam/Go-Basic/open_lessons/go_http/storage/inmem/pkg.go:15.40,21.2 4 1
github.com/OtusTeam/Go-Basic/open_lessons/go_http/storage/inmem/pkg.go:23.49,28.9 4 1
github.com/OtusTeam/Go-Basic/open_lessons/go_http/storage/inmem/pkg.go:28.9,30.3 1 0
github.com/OtusTeam/Go-Basic/open_lessons/go_http/storage/inmem/pkg.go:32.2,32.18 1 1
github.com/OtusTeam/Go-Basic/open_lessons/go_http/storage/inmem/pkg.go:35.53,41.2 4 0
github.com/OtusTeam/Go-Basic/open_lessons/go_http/storage/inmem/pkg.go:43.19,47.2 1 1
